2022-05-28 13:05:31.834219:	RING_UPSTAIRS
2022-05-28 13:05:36.544509:	OPEN_DOOR
2022-05-28 13:05:36.646426:	OPEN_DOOR
2022-05-28 13:05:39.352790:	OPEN_VOICE_CHANNEL
2022-05-28 13:05:39.453797:	OPEN_VOICE_CHANNEL
2022-05-28 13:30:50.865836:	CONTROL_SEQUENCE
2022-05-28 13:43:49.280448:	OPEN_DOOR
2022-05-28 13:43:49.381438:	OPEN_DOOR
2022-05-28 13:49:28.202465:	0x9e8481
2022-05-28 13:49:40.126090:	0x109e8481
2022-05-28 13:50:23.912190:	0x2401
2022-05-28 13:50:24.013255:	0x2401
2022-05-28 14:07:48.982721:	CONTROL_SEQUENCE
2022-05-28 14:44:47.212125:	CONTROL_SEQUENCE
2022-05-28 15:21:45.350793:	0x6802
2022-05-28 15:58:43.483178:	CONTROL_SEQUENCE
2022-05-28 16:35:41.663521:	CONTROL_SEQUENCE
2022-05-28 17:12:39.871418:	CONTROL_SEQUENCE
2022-05-28 17:49:38.010241:	CONTROL_SEQUENCE
2022-05-28 17:51:36.629546:	0x109e8441
2022-05-28 17:51:42.041567:	0x109e8441
2022-05-28 18:26:36.144211:	CONTROL_SEQUENCE
2022-05-28 19:03:34.393833:	CONTROL_SEQUENCE
2022-05-28 19:07:09.579440:	0x9e8181
2022-05-28 19:08:05.080762:	0x2401
2022-05-28 19:08:05.181910:	0x2401
2022-05-28 19:10:20.633182:	0x109e8741
2022-05-28 19:10:27.347970:	0x109e8780
2022-05-28 19:40:32.549716:	CONTROL_SEQUENCE
2022-05-28 19:55:53.414278:	0x9e8481
2022-05-28 19:55:57.421745:	0x9e8481
2022-05-28 19:56:53.127109:	0x2401
2022-05-28 19:56:53.228225:	0x2401
2022-05-28 20:17:30.695764:	CONTROL_SEQUENCE
2022-05-28 20:54:28.942634:	CONTROL_SEQUENCE
2022-05-28 21:31:27.045964:	0x5802
2022-05-28 22:40:03.408254:	0x109e8181
2022-05-28 22:40:05.313013:	0x109e8181
2022-05-28 22:43:29.710765:	0x109e8181
2022-05-28 22:45:23.368218:	0x5802
2022-05-28 22:53:21.050097:	0x109e8181
2022-05-28 22:57:32.931421:	0x109e8181
2022-05-28 22:57:34.936316:	0x109e8181
2022-05-28 22:58:36.677756:	0x109e8181
2022-05-28 22:58:40.587967:	0x109e8181
2022-05-28 22:58:43.395102:	0x109e8181
2022-05-28 22:58:44.601721:	0x109e8181
2022-05-28 22:58:49.913000:	0x109e8181
2022-05-28 22:58:51.015925:	0x109e8181
2022-05-28 22:59:04.543298:	0x109e8181
2022-05-28 22:59:42.655453:	0x109e8181
2022-05-28 22:59:44.460852:	0x109e8181
2022-05-28 22:59:46.968564:	0x109e8181
2022-05-28 22:59:48.572680:	0x109e8181
2022-05-28 22:59:52.181290:	0x109e8181
2022-05-28 22:59:55.187987:	0x109e8181
2022-05-28 22:59:56.993255:	0x109e8181
2022-05-28 22:59:58.096738:	0x109e8181
2022-05-28 23:00:14.945109:	0x109e8181
2022-05-28 23:00:16.559178:	0x109e8181
2022-05-28 23:00:19.366616:	0x109e8181
2022-05-28 23:00:21.371389:	0x109e8181
2022-05-28 23:00:23.075690:	0x109e8181
2022-05-28 23:00:24.779843:	0x109e8181
2022-05-28 23:00:26.483591:	0x109e8181
2022-05-28 23:00:30.697174:	0x109e8181
2022-05-28 23:00:32.402489:	0x109e8181
2022-05-28 23:00:33.906990:	0x109e8181
2022-05-28 23:00:54.151829:	0x109e8181
2022-05-28 23:00:58.862147:	0x109e8181
2022-05-28 23:01:06.478909:	0x109e8181
2022-05-28 23:01:08.991480:	0x109e8181
2022-05-28 23:01:38.967482:	0x109e8181
2022-05-28 23:01:43.176974:	0x109e8181
2022-05-28 23:01:46.591840:	0x109e8181
2022-05-28 23:01:47.694508:	0x109e8181
2022-05-28 23:01:48.897309:	0x109e8181
2022-05-28 23:01:50.301597:	0x109e8181
2022-05-28 23:01:51.304536:	0x109e8181
2022-05-28 23:01:52.216042:	0x109e8181
2022-05-28 23:03:50.169053:	0x109e8181
2022-05-28 23:03:51.973404:	0x109e8181
2022-05-28 23:03:55.481602:	0x109e8181
2022-05-28 23:03:57.786263:	0x109e8181
2022-05-28 23:03:59.390032:	0x109e8181
2022-05-28 23:04:19.938615:	0x109e8181
2022-05-28 23:04:21.542668:	0x109e8181
2022-05-28 23:04:23.648066:	0x109e8181
2022-05-28 23:04:26.955434:	0x109e8181
2022-05-28 23:04:28.759430:	0x109e8181
2022-05-28 23:04:29.761942:	0x109e8181
2022-05-28 23:04:55.425043:	0x109e8181
2022-05-28 23:04:56.929757:	0x109e8181
2022-05-28 23:04:58.734597:	0x109e8181
2022-05-28 23:05:02.445482:	0x109e8181
2022-05-28 23:05:03.948690:	0x109e8181
2022-05-28 23:05:06.657974:	0x109e8181
2022-05-28 23:05:09.865088:	0x109e8181
2022-05-28 23:05:10.767761:	0x109e8181
2022-05-28 23:05:12.371657:	0x109e8181
2022-05-28 23:05:13.174305:	0x109e8181
2022-05-28 23:05:13.876456:	0x109e8181
2022-05-28 23:05:30.322685:	0x109e8181
2022-05-28 23:05:39.651471:	0x109e8181
2022-05-28 23:05:41.757361:	0x109e8181
2022-05-28 23:05:42.459468:	0x109e8181
2022-05-28 23:05:43.261454:	0x109e8181
2022-05-28 23:05:44.163521:	0x109e8181
2022-05-28 23:05:44.965679:	0x109e8181
2022-05-28 23:05:45.969213:	0x109e8181
2022-05-28 23:05:47.573958:	0x109e8181
2022-05-28 23:05:49.778945:	0x109e8181
2022-05-28 23:05:50.481177:	0x109e8181
2022-05-28 23:05:51.283705:	0x109e8181
2022-05-28 23:05:52.787749:	0x109e8181
2022-05-28 23:05:53.690783:	0x109e8181
2022-05-29 00:21:13.250107:	0x109e8181
2022-05-29 00:21:17.864678:	0x109e8181
2022-05-29 00:21:33.095530:	0x109e8181
2022-05-29 00:21:35.700956:	0x109e8181
2022-05-29 00:21:38.006125:	0x109e8181
2022-05-29 00:21:40.111705:	0x109e8181
2022-05-29 00:21:42.016019:	0x109e8181
2022-05-29 00:21:44.020614:	0x109e8181
2022-05-29 00:22:41.043135:	0x109e8181
2022-05-29 00:22:43.351679:	0x109e8181
2022-05-29 00:22:45.055870:	0x109e8181
2022-05-29 00:22:46.158910:	0x109e8181
2022-05-29 00:22:47.162188:	0x109e8181
2022-05-29 00:22:49.568434:	0x109e8181
2022-05-29 00:22:50.671399:	0x109e8181
2022-05-29 00:23:15.285798:	0x109e8181
2022-05-29 00:23:18.994097:	0x90dea191
2022-05-29 00:23:20.497819:	0x109e8181
2022-05-29 00:23:21.901401:	0x109e8181
2022-05-29 00:23:48.790955:	0x109e8181
2022-05-29 00:23:49.894617:	0x109e8181
2022-05-29 00:23:51.799618:	0x9183
2022-05-29 00:23:52.802117:	0x109e8181
2022-05-29 00:33:03.012954:	0x109e8181
2022-05-29 00:33:05.222094:	0x109e8181
2022-05-29 00:33:07.127198:	0x109e8181
2022-05-29 00:33:10.534727:	0x109e8181
2022-05-29 00:33:14.242611:	0x109e8181
2022-05-29 00:36:18.105392:	0x5802
